[debug] [2022-02-15T16:55:42.923Z] ----------------------------------------------------------------------
[debug] [2022-02-15T16:55:42.924Z] Command:       /usr/local/bin/node /usr/local/bin/firebase init hosting
[debug] [2022-02-15T16:55:42.925Z] CLI Version:   10.2.0
[debug] [2022-02-15T16:55:42.925Z] Platform:      darwin
[debug] [2022-02-15T16:55:42.925Z] Node Version:  v16.13.2
[debug] [2022-02-15T16:55:42.926Z] Time:          Tue Feb 15 2022 10:55:42 GMT-0600 (Central Standard Time)
[debug] [2022-02-15T16:55:42.927Z] ----------------------------------------------------------------------
[debug] 
[debug] [2022-02-15T16:55:42.935Z] > command requires scopes: ["email","openid","https://www.googleapis.com/auth/cloudplatformprojects.readonly","https://www.googleapis.com/auth/firebase","https://www.googleapis.com/auth/cloud-platform"]
[debug] [2022-02-15T16:55:42.935Z] > authorizing via signed-in user (seriousbro23@gmail.com)
[info] 
     ######## #### ########  ######## ########     ###     ######  ########
     ##        ##  ##     ## ##       ##     ##  ##   ##  ##       ##
     ######    ##  ########  ######   ########  #########  ######  ######
     ##        ##  ##    ##  ##       ##     ## ##     ##       ## ##
     ##       #### ##     ## ######## ########  ##     ##  ######  ########

You're about to initialize a Firebase project in this directory:

  /Users/pranith_28/Documents/GitHub/-Final--HiddenGems

[info] 
=== Project Setup
[info] 
[info] First, let's associate this project directory with a Firebase project.
[info] You can create multiple project aliases by running firebase use --add, 
[info] but for now we'll just set up a default project.
[info] 
[debug] [2022-02-15T16:55:53.062Z] >>> [apiv2][query] GET https://firebase.googleapis.com/v1beta1/projects pageSize=100
[debug] [2022-02-15T16:55:53.494Z] <<< [apiv2][status] GET https://firebase.googleapis.com/v1beta1/projects 200
[debug] [2022-02-15T16:55:53.494Z] <<< [apiv2][body] GET https://firebase.googleapis.com/v1beta1/projects [omitted]
[info] i  Using project hidden-gems-8711 (HIdden Gems) 
[info] 
=== Hosting Setup
[info] 
[info] Your public directory is the folder (relative to your project directory) that
[info] will contain Hosting assets to be uploaded with firebase deploy. If you
[info] have a build process for your assets, use your build's output directory.
[info] 
